<?xml version="1.0" encoding="UTF-8"?>
<robot generator="Robot 6.1.1 (Python 3.10.1 on darwin)" generated="20241119 13:03:41.259" rpa="false" schemaversion="4">
<suite id="s1" name="Tests" source="/Users/juuso/Koulu/Ohjelmointi/Ohjelmistotuotanto24/ohtu_Syksy24/osa3/login-robot/src/tests">
<suite id="s1-s1" name="Login" source="/Users/juuso/Koulu/Ohjelmointi/Ohjelmistotuotanto24/ohtu_Syksy24/osa3/login-robot/src/tests/login.robot">
<test id="s1-s1-t1" name="Login With Correct Credentials" line="6">
<kw name="Create User And Input Login Command" type="SETUP">
<kw name="Create User" library="AppLibrary">
<arg>kalle</arg>
<arg>kalle123</arg>
<status status="PASS" starttime="20241119 13:03:41.272" endtime="20241119 13:03:41.272"/>
</kw>
<kw name="Input Login Command" library="resource">
<kw name="Input" library="AppLibrary">
<arg>login</arg>
<status status="PASS" starttime="20241119 13:03:41.272" endtime="20241119 13:03:41.272"/>
</kw>
<status status="PASS" starttime="20241119 13:03:41.272" endtime="20241119 13:03:41.272"/>
</kw>
<status status="PASS" starttime="20241119 13:03:41.272" endtime="20241119 13:03:41.272"/>
</kw>
<kw name="Input Credentials" library="resource">
<arg>kalle</arg>
<arg>kalle123</arg>
<kw name="Input" library="AppLibrary">
<arg>${username}</arg>
<status status="PASS" starttime="20241119 13:03:41.272" endtime="20241119 13:03:41.273"/>
</kw>
<kw name="Input" library="AppLibrary">
<arg>${password}</arg>
<status status="PASS" starttime="20241119 13:03:41.273" endtime="20241119 13:03:41.273"/>
</kw>
<kw name="Run Application" library="AppLibrary">
<status status="PASS" starttime="20241119 13:03:41.273" endtime="20241119 13:03:41.273"/>
</kw>
<status status="PASS" starttime="20241119 13:03:41.272" endtime="20241119 13:03:41.273"/>
</kw>
<kw name="Output Should Contain" library="AppLibrary">
<arg>Logged in</arg>
<status status="PASS" starttime="20241119 13:03:41.273" endtime="20241119 13:03:41.273"/>
</kw>
<status status="PASS" starttime="20241119 13:03:41.272" endtime="20241119 13:03:41.273"/>
</test>
<test id="s1-s1-t2" name="Login With Incorrect Password" line="10">
<kw name="Create User And Input Login Command" type="SETUP">
<kw name="Create User" library="AppLibrary">
<arg>kalle</arg>
<arg>kalle123</arg>
<status status="PASS" starttime="20241119 13:03:41.273" endtime="20241119 13:03:41.273"/>
</kw>
<kw name="Input Login Command" library="resource">
<kw name="Input" library="AppLibrary">
<arg>login</arg>
<status status="PASS" starttime="20241119 13:03:41.273" endtime="20241119 13:03:41.273"/>
</kw>
<status status="PASS" starttime="20241119 13:03:41.273" endtime="20241119 13:03:41.273"/>
</kw>
<status status="PASS" starttime="20241119 13:03:41.273" endtime="20241119 13:03:41.274"/>
</kw>
<kw name="Input Credentials" library="resource">
<arg>kalle</arg>
<arg>vaaraSal</arg>
<kw name="Input" library="AppLibrary">
<arg>${username}</arg>
<status status="PASS" starttime="20241119 13:03:41.274" endtime="20241119 13:03:41.274"/>
</kw>
<kw name="Input" library="AppLibrary">
<arg>${password}</arg>
<status status="PASS" starttime="20241119 13:03:41.274" endtime="20241119 13:03:41.274"/>
</kw>
<kw name="Run Application" library="AppLibrary">
<status status="PASS" starttime="20241119 13:03:41.274" endtime="20241119 13:03:41.274"/>
</kw>
<status status="PASS" starttime="20241119 13:03:41.274" endtime="20241119 13:03:41.274"/>
</kw>
<kw name="Output Should Contain" library="AppLibrary">
<arg>Invalid username or password</arg>
<status status="PASS" starttime="20241119 13:03:41.274" endtime="20241119 13:03:41.274"/>
</kw>
<status status="PASS" starttime="20241119 13:03:41.273" endtime="20241119 13:03:41.274"/>
</test>
<test id="s1-s1-t3" name="Login With Nonexistent Username" line="14">
<kw name="Create User And Input Login Command" type="SETUP">
<kw name="Create User" library="AppLibrary">
<arg>kalle</arg>
<arg>kalle123</arg>
<status status="PASS" starttime="20241119 13:03:41.274" endtime="20241119 13:03:41.274"/>
</kw>
<kw name="Input Login Command" library="resource">
<kw name="Input" library="AppLibrary">
<arg>login</arg>
<status status="PASS" starttime="20241119 13:03:41.274" endtime="20241119 13:03:41.275"/>
</kw>
<status status="PASS" starttime="20241119 13:03:41.274" endtime="20241119 13:03:41.275"/>
</kw>
<status status="PASS" starttime="20241119 13:03:41.274" endtime="20241119 13:03:41.275"/>
</kw>
<kw name="Input Credentials" library="resource">
<arg>SiipiVeikko</arg>
<arg>vaaraSal</arg>
<kw name="Input" library="AppLibrary">
<arg>${username}</arg>
<status status="PASS" starttime="20241119 13:03:41.275" endtime="20241119 13:03:41.275"/>
</kw>
<kw name="Input" library="AppLibrary">
<arg>${password}</arg>
<status status="PASS" starttime="20241119 13:03:41.275" endtime="20241119 13:03:41.275"/>
</kw>
<kw name="Run Application" library="AppLibrary">
<status status="PASS" starttime="20241119 13:03:41.275" endtime="20241119 13:03:41.275"/>
</kw>
<status status="PASS" starttime="20241119 13:03:41.275" endtime="20241119 13:03:41.275"/>
</kw>
<kw name="Output Should Contain" library="AppLibrary">
<arg>Invalid username or password</arg>
<status status="PASS" starttime="20241119 13:03:41.275" endtime="20241119 13:03:41.275"/>
</kw>
<status status="PASS" starttime="20241119 13:03:41.274" endtime="20241119 13:03:41.275"/>
</test>
<status status="PASS" starttime="20241119 13:03:41.268" endtime="20241119 13:03:41.275"/>
</suite>
<status status="PASS" starttime="20241119 13:03:41.260" endtime="20241119 13:03:41.276"/>
</suite>
<statistics>
<total>
<stat pass="3" fail="0" skip="0">All Tests</stat>
</total>
<tag>
</tag>
<suite>
<stat pass="3" fail="0" skip="0" id="s1" name="Tests">Tests</stat>
<stat pass="3" fail="0" skip="0" id="s1-s1" name="Login">Tests.Login</stat>
</suite>
</statistics>
<errors>
</errors>
</robot>
