<?xml version="1.0" encoding="UTF-8"?>
<robot generator="Robot 6.1.1 (Python 3.10.1 on darwin)" generated="20241119 14:48:50.981" rpa="false" schemaversion="4">
<suite id="s1" name="Tests" source="/Users/juuso/Koulu/Ohjelmointi/Ohjelmistotuotanto24/ohtu_Syksy24/osa3/login-robot/src/tests">
<suite id="s1-s1" name="Login" source="/Users/juuso/Koulu/Ohjelmointi/Ohjelmistotuotanto24/ohtu_Syksy24/osa3/login-robot/src/tests/login.robot">
<test id="s1-s1-t1" name="Login With Correct Credentials" line="6">
<kw name="Create User And Input Login Command" type="SETUP">
<kw name="Create User" library="AppLibrary">
<arg>kalle</arg>
<arg>kalle123</arg>
<status status="PASS" starttime="20241119 14:48:50.994" endtime="20241119 14:48:50.994"/>
</kw>
<kw name="Input Login Command" library="resource">
<kw name="Input" library="AppLibrary">
<arg>login</arg>
<status status="PASS" starttime="20241119 14:48:50.994" endtime="20241119 14:48:50.995"/>
</kw>
<status status="PASS" starttime="20241119 14:48:50.994" endtime="20241119 14:48:50.995"/>
</kw>
<status status="PASS" starttime="20241119 14:48:50.994" endtime="20241119 14:48:50.995"/>
</kw>
<kw name="Input Credentials" library="resource">
<arg>kalle</arg>
<arg>kalle123</arg>
<kw name="Input" library="AppLibrary">
<arg>${username}</arg>
<status status="PASS" starttime="20241119 14:48:50.995" endtime="20241119 14:48:50.995"/>
</kw>
<kw name="Input" library="AppLibrary">
<arg>${password}</arg>
<status status="PASS" starttime="20241119 14:48:50.995" endtime="20241119 14:48:50.995"/>
</kw>
<kw name="Run Application" library="AppLibrary">
<status status="PASS" starttime="20241119 14:48:50.995" endtime="20241119 14:48:50.995"/>
</kw>
<status status="PASS" starttime="20241119 14:48:50.995" endtime="20241119 14:48:50.995"/>
</kw>
<kw name="Output Should Contain" library="AppLibrary">
<arg>Logged in</arg>
<status status="PASS" starttime="20241119 14:48:50.995" endtime="20241119 14:48:50.995"/>
</kw>
<status status="PASS" starttime="20241119 14:48:50.994" endtime="20241119 14:48:50.995"/>
</test>
<test id="s1-s1-t2" name="Login With Incorrect Password" line="10">
<kw name="Create User And Input Login Command" type="SETUP">
<kw name="Create User" library="AppLibrary">
<arg>kalle</arg>
<arg>kalle123</arg>
<status status="PASS" starttime="20241119 14:48:50.996" endtime="20241119 14:48:50.996"/>
</kw>
<kw name="Input Login Command" library="resource">
<kw name="Input" library="AppLibrary">
<arg>login</arg>
<status status="PASS" starttime="20241119 14:48:50.996" endtime="20241119 14:48:50.996"/>
</kw>
<status status="PASS" starttime="20241119 14:48:50.996" endtime="20241119 14:48:50.996"/>
</kw>
<status status="PASS" starttime="20241119 14:48:50.995" endtime="20241119 14:48:50.996"/>
</kw>
<kw name="Input Credentials" library="resource">
<arg>kalle</arg>
<arg>vaaraSal</arg>
<kw name="Input" library="AppLibrary">
<arg>${username}</arg>
<status status="PASS" starttime="20241119 14:48:50.996" endtime="20241119 14:48:50.996"/>
</kw>
<kw name="Input" library="AppLibrary">
<arg>${password}</arg>
<status status="PASS" starttime="20241119 14:48:50.996" endtime="20241119 14:48:50.996"/>
</kw>
<kw name="Run Application" library="AppLibrary">
<status status="PASS" starttime="20241119 14:48:50.996" endtime="20241119 14:48:50.996"/>
</kw>
<status status="PASS" starttime="20241119 14:48:50.996" endtime="20241119 14:48:50.996"/>
</kw>
<kw name="Output Should Contain" library="AppLibrary">
<arg>Invalid username or password</arg>
<status status="PASS" starttime="20241119 14:48:50.996" endtime="20241119 14:48:50.996"/>
</kw>
<status status="PASS" starttime="20241119 14:48:50.995" endtime="20241119 14:48:50.996"/>
</test>
<test id="s1-s1-t3" name="Login With Nonexistent Username" line="14">
<kw name="Create User And Input Login Command" type="SETUP">
<kw name="Create User" library="AppLibrary">
<arg>kalle</arg>
<arg>kalle123</arg>
<status status="PASS" starttime="20241119 14:48:50.997" endtime="20241119 14:48:50.997"/>
</kw>
<kw name="Input Login Command" library="resource">
<kw name="Input" library="AppLibrary">
<arg>login</arg>
<status status="PASS" starttime="20241119 14:48:50.997" endtime="20241119 14:48:50.997"/>
</kw>
<status status="PASS" starttime="20241119 14:48:50.997" endtime="20241119 14:48:50.997"/>
</kw>
<status status="PASS" starttime="20241119 14:48:50.997" endtime="20241119 14:48:50.997"/>
</kw>
<kw name="Input Credentials" library="resource">
<arg>SiipiVeikko</arg>
<arg>vaaraSal</arg>
<kw name="Input" library="AppLibrary">
<arg>${username}</arg>
<status status="PASS" starttime="20241119 14:48:50.997" endtime="20241119 14:48:50.997"/>
</kw>
<kw name="Input" library="AppLibrary">
<arg>${password}</arg>
<status status="PASS" starttime="20241119 14:48:50.997" endtime="20241119 14:48:50.997"/>
</kw>
<kw name="Run Application" library="AppLibrary">
<status status="PASS" starttime="20241119 14:48:50.997" endtime="20241119 14:48:50.997"/>
</kw>
<status status="PASS" starttime="20241119 14:48:50.997" endtime="20241119 14:48:50.997"/>
</kw>
<kw name="Output Should Contain" library="AppLibrary">
<arg>Invalid username or password</arg>
<status status="PASS" starttime="20241119 14:48:50.997" endtime="20241119 14:48:50.997"/>
</kw>
<status status="PASS" starttime="20241119 14:48:50.996" endtime="20241119 14:48:50.998"/>
</test>
<status status="PASS" starttime="20241119 14:48:50.990" endtime="20241119 14:48:50.998"/>
</suite>
<suite id="s1-s2" name="Register" source="/Users/juuso/Koulu/Ohjelmointi/Ohjelmistotuotanto24/ohtu_Syksy24/osa3/login-robot/src/tests/register.robot">
<test id="s1-s2-t1" name="Register With Valid Username And Password" line="6">
<kw name="Input New Command And Create User" type="SETUP">
<kw name="Input New Command" library="resource">
<kw name="Input" library="AppLibrary">
<arg>new</arg>
<status status="PASS" starttime="20241119 14:48:50.999" endtime="20241119 14:48:50.999"/>
</kw>
<status status="PASS" starttime="20241119 14:48:50.999" endtime="20241119 14:48:50.999"/>
</kw>
<kw name="Create User" library="AppLibrary">
<arg>kalle</arg>
<arg>kalle12345</arg>
<status status="PASS" starttime="20241119 14:48:50.999" endtime="20241119 14:48:50.999"/>
</kw>
<status status="PASS" starttime="20241119 14:48:50.999" endtime="20241119 14:48:50.999"/>
</kw>
<kw name="Input Credentials" library="resource">
<arg>newusereee</arg>
<arg>validpassword123</arg>
<kw name="Input" library="AppLibrary">
<arg>${username}</arg>
<status status="PASS" starttime="20241119 14:48:51.000" endtime="20241119 14:48:51.000"/>
</kw>
<kw name="Input" library="AppLibrary">
<arg>${password}</arg>
<status status="PASS" starttime="20241119 14:48:51.000" endtime="20241119 14:48:51.000"/>
</kw>
<kw name="Run Application" library="AppLibrary">
<status status="PASS" starttime="20241119 14:48:51.000" endtime="20241119 14:48:51.000"/>
</kw>
<status status="PASS" starttime="20241119 14:48:50.999" endtime="20241119 14:48:51.000"/>
</kw>
<kw name="Output Should Contain" library="AppLibrary">
<arg>New user registered</arg>
<status status="PASS" starttime="20241119 14:48:51.000" endtime="20241119 14:48:51.000"/>
</kw>
<status status="PASS" starttime="20241119 14:48:50.999" endtime="20241119 14:48:51.000"/>
</test>
<test id="s1-s2-t2" name="Register With Already Taken Username And Valid Password" line="10">
<kw name="Input New Command And Create User" type="SETUP">
<kw name="Input New Command" library="resource">
<kw name="Input" library="AppLibrary">
<arg>new</arg>
<status status="PASS" starttime="20241119 14:48:51.000" endtime="20241119 14:48:51.000"/>
</kw>
<status status="PASS" starttime="20241119 14:48:51.000" endtime="20241119 14:48:51.000"/>
</kw>
<kw name="Create User" library="AppLibrary">
<arg>kalle</arg>
<arg>kalle12345</arg>
<status status="PASS" starttime="20241119 14:48:51.000" endtime="20241119 14:48:51.001"/>
</kw>
<status status="PASS" starttime="20241119 14:48:51.000" endtime="20241119 14:48:51.001"/>
</kw>
<kw name="Input Credentials" library="resource">
<arg>kalle</arg>
<arg>kalle123</arg>
<kw name="Input" library="AppLibrary">
<arg>${username}</arg>
<status status="PASS" starttime="20241119 14:48:51.001" endtime="20241119 14:48:51.001"/>
</kw>
<kw name="Input" library="AppLibrary">
<arg>${password}</arg>
<status status="PASS" starttime="20241119 14:48:51.001" endtime="20241119 14:48:51.001"/>
</kw>
<kw name="Run Application" library="AppLibrary">
<status status="PASS" starttime="20241119 14:48:51.001" endtime="20241119 14:48:51.001"/>
</kw>
<status status="PASS" starttime="20241119 14:48:51.001" endtime="20241119 14:48:51.001"/>
</kw>
<kw name="Output Should Contain" library="AppLibrary">
<arg>User with username kalle already exists</arg>
<status status="PASS" starttime="20241119 14:48:51.001" endtime="20241119 14:48:51.001"/>
</kw>
<status status="PASS" starttime="20241119 14:48:51.000" endtime="20241119 14:48:51.001"/>
</test>
<test id="s1-s2-t3" name="Register With Too Short Username And Valid Password" line="14">
<kw name="Input New Command And Create User" type="SETUP">
<kw name="Input New Command" library="resource">
<kw name="Input" library="AppLibrary">
<arg>new</arg>
<status status="PASS" starttime="20241119 14:48:51.002" endtime="20241119 14:48:51.002"/>
</kw>
<status status="PASS" starttime="20241119 14:48:51.002" endtime="20241119 14:48:51.002"/>
</kw>
<kw name="Create User" library="AppLibrary">
<arg>kalle</arg>
<arg>kalle12345</arg>
<status status="PASS" starttime="20241119 14:48:51.002" endtime="20241119 14:48:51.002"/>
</kw>
<status status="PASS" starttime="20241119 14:48:51.002" endtime="20241119 14:48:51.002"/>
</kw>
<kw name="Input Credentials" library="resource">
<arg>ab</arg>
<arg>validpassword123</arg>
<kw name="Input" library="AppLibrary">
<arg>${username}</arg>
<status status="PASS" starttime="20241119 14:48:51.002" endtime="20241119 14:48:51.002"/>
</kw>
<kw name="Input" library="AppLibrary">
<arg>${password}</arg>
<status status="PASS" starttime="20241119 14:48:51.002" endtime="20241119 14:48:51.002"/>
</kw>
<kw name="Run Application" library="AppLibrary">
<status status="PASS" starttime="20241119 14:48:51.002" endtime="20241119 14:48:51.002"/>
</kw>
<status status="PASS" starttime="20241119 14:48:51.002" endtime="20241119 14:48:51.002"/>
</kw>
<kw name="Output Should Contain" library="AppLibrary">
<arg>Username must be at least 3 characters long</arg>
<status status="PASS" starttime="20241119 14:48:51.002" endtime="20241119 14:48:51.002"/>
</kw>
<status status="PASS" starttime="20241119 14:48:51.001" endtime="20241119 14:48:51.002"/>
</test>
<test id="s1-s2-t4" name="Register With Enough Long But Invalid Username And Valid Password" line="18">
<kw name="Input New Command And Create User" type="SETUP">
<kw name="Input New Command" library="resource">
<kw name="Input" library="AppLibrary">
<arg>new</arg>
<status status="PASS" starttime="20241119 14:48:51.003" endtime="20241119 14:48:51.003"/>
</kw>
<status status="PASS" starttime="20241119 14:48:51.003" endtime="20241119 14:48:51.003"/>
</kw>
<kw name="Create User" library="AppLibrary">
<arg>kalle</arg>
<arg>kalle12345</arg>
<status status="PASS" starttime="20241119 14:48:51.003" endtime="20241119 14:48:51.003"/>
</kw>
<status status="PASS" starttime="20241119 14:48:51.003" endtime="20241119 14:48:51.003"/>
</kw>
<kw name="Input Credentials" library="resource">
<arg>user!@#</arg>
<arg>validpassword123</arg>
<kw name="Input" library="AppLibrary">
<arg>${username}</arg>
<status status="PASS" starttime="20241119 14:48:51.003" endtime="20241119 14:48:51.003"/>
</kw>
<kw name="Input" library="AppLibrary">
<arg>${password}</arg>
<status status="PASS" starttime="20241119 14:48:51.003" endtime="20241119 14:48:51.003"/>
</kw>
<kw name="Run Application" library="AppLibrary">
<status status="PASS" starttime="20241119 14:48:51.003" endtime="20241119 14:48:51.003"/>
</kw>
<status status="PASS" starttime="20241119 14:48:51.003" endtime="20241119 14:48:51.003"/>
</kw>
<kw name="Output Should Contain" library="AppLibrary">
<arg>All the characters aren't alphabet letters (a-z)</arg>
<status status="PASS" starttime="20241119 14:48:51.003" endtime="20241119 14:48:51.003"/>
</kw>
<status status="PASS" starttime="20241119 14:48:51.003" endtime="20241119 14:48:51.004"/>
</test>
<test id="s1-s2-t5" name="Register With Valid Username And Too Short Password" line="22">
<kw name="Input New Command And Create User" type="SETUP">
<kw name="Input New Command" library="resource">
<kw name="Input" library="AppLibrary">
<arg>new</arg>
<status status="PASS" starttime="20241119 14:48:51.004" endtime="20241119 14:48:51.004"/>
</kw>
<status status="PASS" starttime="20241119 14:48:51.004" endtime="20241119 14:48:51.004"/>
</kw>
<kw name="Create User" library="AppLibrary">
<arg>kalle</arg>
<arg>kalle12345</arg>
<status status="PASS" starttime="20241119 14:48:51.004" endtime="20241119 14:48:51.004"/>
</kw>
<status status="PASS" starttime="20241119 14:48:51.004" endtime="20241119 14:48:51.004"/>
</kw>
<kw name="Input Credentials" library="resource">
<arg>validuser</arg>
<arg>short</arg>
<kw name="Input" library="AppLibrary">
<arg>${username}</arg>
<status status="PASS" starttime="20241119 14:48:51.004" endtime="20241119 14:48:51.004"/>
</kw>
<kw name="Input" library="AppLibrary">
<arg>${password}</arg>
<status status="PASS" starttime="20241119 14:48:51.004" endtime="20241119 14:48:51.004"/>
</kw>
<kw name="Run Application" library="AppLibrary">
<status status="PASS" starttime="20241119 14:48:51.004" endtime="20241119 14:48:51.005"/>
</kw>
<status status="PASS" starttime="20241119 14:48:51.004" endtime="20241119 14:48:51.005"/>
</kw>
<kw name="Output Should Contain" library="AppLibrary">
<arg>Password must be at least 8 characters long</arg>
<status status="PASS" starttime="20241119 14:48:51.005" endtime="20241119 14:48:51.005"/>
</kw>
<status status="PASS" starttime="20241119 14:48:51.004" endtime="20241119 14:48:51.005"/>
</test>
<test id="s1-s2-t6" name=" Register With Valid Username And Long Enough Password Containing Only Letters" line="26">
<kw name="Input New Command And Create User" type="SETUP">
<kw name="Input New Command" library="resource">
<kw name="Input" library="AppLibrary">
<arg>new</arg>
<status status="PASS" starttime="20241119 14:48:51.005" endtime="20241119 14:48:51.005"/>
</kw>
<status status="PASS" starttime="20241119 14:48:51.005" endtime="20241119 14:48:51.005"/>
</kw>
<kw name="Create User" library="AppLibrary">
<arg>kalle</arg>
<arg>kalle12345</arg>
<status status="PASS" starttime="20241119 14:48:51.005" endtime="20241119 14:48:51.005"/>
</kw>
<status status="PASS" starttime="20241119 14:48:51.005" endtime="20241119 14:48:51.005"/>
</kw>
<kw name="Input Credentials" library="resource">
<arg>validuser</arg>
<arg>onlyletters</arg>
<kw name="Input" library="AppLibrary">
<arg>${username}</arg>
<status status="PASS" starttime="20241119 14:48:51.005" endtime="20241119 14:48:51.005"/>
</kw>
<kw name="Input" library="AppLibrary">
<arg>${password}</arg>
<status status="PASS" starttime="20241119 14:48:51.005" endtime="20241119 14:48:51.006"/>
</kw>
<kw name="Run Application" library="AppLibrary">
<status status="PASS" starttime="20241119 14:48:51.006" endtime="20241119 14:48:51.006"/>
</kw>
<status status="PASS" starttime="20241119 14:48:51.005" endtime="20241119 14:48:51.006"/>
</kw>
<kw name="Output Should Contain" library="AppLibrary">
<arg>Password must contain at least one non-letter character</arg>
<status status="PASS" starttime="20241119 14:48:51.006" endtime="20241119 14:48:51.006"/>
</kw>
<status status="PASS" starttime="20241119 14:48:51.005" endtime="20241119 14:48:51.006"/>
</test>
<status status="PASS" starttime="20241119 14:48:50.998" endtime="20241119 14:48:51.006"/>
</suite>
<status status="PASS" starttime="20241119 14:48:50.982" endtime="20241119 14:48:51.006"/>
</suite>
<statistics>
<total>
<stat pass="9" fail="0" skip="0">All Tests</stat>
</total>
<tag>
</tag>
<suite>
<stat pass="9" fail="0" skip="0" id="s1" name="Tests">Tests</stat>
<stat pass="3" fail="0" skip="0" id="s1-s1" name="Login">Tests.Login</stat>
<stat pass="6" fail="0" skip="0" id="s1-s2" name="Register">Tests.Register</stat>
</suite>
</statistics>
<errors>
</errors>
</robot>
